  flowering cherry tree.cpp
D:\vs code\flowering cherry tree\flowering cherry tree\flowering cherry tree.cpp(13,19): warning C4305: “初始化”: 从“double”到“float”截断
D:\vs code\flowering cherry tree\flowering cherry tree\flowering cherry tree.cpp(14,19): warning C4305: “初始化”: 从“double”到“float”截断
D:\vs code\flowering cherry tree\flowering cherry tree\flowering cherry tree.cpp(29,10): warning C4244: “初始化”: 从“double”转换到“float”，可能丢失数据
D:\vs code\flowering cherry tree\flowering cherry tree\flowering cherry tree.cpp(38,18): warning C4244: “=”: 从“double”转换到“float”，可能丢失数据
D:\vs code\flowering cherry tree\flowering cherry tree\flowering cherry tree.cpp(39,18): warning C4244: “=”: 从“double”转换到“float”，可能丢失数据
D:\vs code\flowering cherry tree\flowering cherry tree\flowering cherry tree.cpp(42,25): warning C4244: “参数”: 从“float”转换到“int”，可能丢失数据
D:\vs code\flowering cherry tree\flowering cherry tree\flowering cherry tree.cpp(44,42): warning C4244: “参数”: 从“double”转换到“float”，可能丢失数据
D:\vs code\flowering cherry tree\flowering cherry tree\flowering cherry tree.cpp(47,32): warning C4244: “参数”: 从“float”转换到“int”，可能丢失数据
D:\vs code\flowering cherry tree\flowering cherry tree\flowering cherry tree.cpp(47,25): warning C4244: “参数”: 从“float”转换到“int”，可能丢失数据
D:\vs code\flowering cherry tree\flowering cherry tree\flowering cherry tree.cpp(47,16): warning C4244: “参数”: 从“float”转换到“int”，可能丢失数据
D:\vs code\flowering cherry tree\flowering cherry tree\flowering cherry tree.cpp(47,7): warning C4244: “参数”: 从“float”转换到“int”，可能丢失数据
D:\vs code\flowering cherry tree\flowering cherry tree\flowering cherry tree.cpp(53,57): warning C4305: “参数”: 从“double”到“float”截断
D:\vs code\flowering cherry tree\flowering cherry tree\flowering cherry tree.cpp(53,52): warning C4305: “参数”: 从“double”到“float”截断
D:\vs code\flowering cherry tree\flowering cherry tree\flowering cherry tree.cpp(54,58): warning C4305: “参数”: 从“double”到“float”截断
D:\vs code\flowering cherry tree\flowering cherry tree\flowering cherry tree.cpp(54,53): warning C4305: “参数”: 从“double”到“float”截断
D:\vs code\flowering cherry tree\flowering cherry tree\flowering cherry tree.cpp(55,59): warning C4305: “参数”: 从“double”到“float”截断
D:\vs code\flowering cherry tree\flowering cherry tree\flowering cherry tree.cpp(55,54): warning C4305: “参数”: 从“double”到“float”截断
D:\vs code\flowering cherry tree\flowering cherry tree\flowering cherry tree.cpp(59,24): warning C4244: “初始化”: 从“double”转换到“float”，可能丢失数据
D:\vs code\flowering cherry tree\flowering cherry tree\flowering cherry tree.cpp(75,70): warning C4305: “参数”: 从“double”到“float”截断
D:\vs code\flowering cherry tree\flowering cherry tree\flowering cherry tree.cpp(75,65): warning C4305: “参数”: 从“double”到“float”截断
D:\vs code\flowering cherry tree\flowering cherry tree\flowering cherry tree.cpp(79,22): warning C4244: “参数”: 从“float”转换到“int”，可能丢失数据
D:\vs code\flowering cherry tree\flowering cherry tree\flowering cherry tree.cpp(79,15): warning C4244: “参数”: 从“float”转换到“int”，可能丢失数据
D:\vs code\flowering cherry tree\flowering cherry tree\flowering cherry tree.cpp(81,41): warning C4244: “参数”: 从“float”转换到“int”，可能丢失数据
D:\vs code\flowering cherry tree\flowering cherry tree\flowering cherry tree.cpp(81,22): warning C4244: “参数”: 从“float”转换到“int”，可能丢失数据
D:\vs code\flowering cherry tree\flowering cherry tree\flowering cherry tree.cpp(81,15): warning C4244: “参数”: 从“float”转换到“int”，可能丢失数据
D:\vs code\flowering cherry tree\flowering cherry tree\flowering cherry tree.cpp(93,12): warning C4244: “参数”: 从“time_t”转换到“unsigned int”，可能丢失数据
D:\vs code\flowering cherry tree\flowering cherry tree\flowering cherry tree.cpp(98,61): warning C4305: “参数”: 从“double”到“float”截断
D:\vs code\flowering cherry tree\flowering cherry tree\flowering cherry tree.cpp(98,42): warning C4244: “参数”: 从“double”转换到“float”，可能丢失数据
D:\vs code\flowering cherry tree\flowering cherry tree\flowering cherry tree.cpp(111,54): warning C4305: “参数”: 从“double”到“float”截断
D:\vs code\flowering cherry tree\flowering cherry tree\flowering cherry tree.cpp(111,45): warning C4305: “参数”: 从“double”到“float”截断
D:\vs code\flowering cherry tree\flowering cherry tree\flowering cherry tree.cpp(113,49): warning C4305: “参数”: 从“double”到“float”截断
D:\vs code\flowering cherry tree\flowering cherry tree\flowering cherry tree.cpp(113,44): warning C4305: “参数”: 从“double”到“float”截断
D:\vs code\flowering cherry tree\flowering cherry tree\flowering cherry tree.cpp(118,63): warning C4305: “参数”: 从“double”到“float”截断
D:\vs code\flowering cherry tree\flowering cherry tree\flowering cherry tree.cpp(118,44): warning C4244: “参数”: 从“double”转换到“float”，可能丢失数据
  flowering cherry tree.vcxproj -> D:\vs code\flowering cherry tree\x64\Debug\flowering cherry tree.exe
